зддддддддбдддддбдддддддддддддддддддддбдддддддддддддддддбдддддддддддддддддддд©
Ё05/03/90Ё20:45Ё  36770 bytes source Ё 25734 bytes EXE Ё Source lines: 1677 Ё
цддддддддедддддедддддддддддддддддддддедддддддддддддддддедддддддддддддддддддд╢
Ё08/03/90Ё23:41Ё  36735 bytes source Ё 25750 bytes EXE Ё Source lines: 1679 Ё
цддддддддедддддедддддддддддддддддддддедддддддддддддддддедддддддддддддддддддд╢
Ё09/03/90Ё23:27Ё  36927 bytes source Ё 25774 bytes EXE Ё Source lines: 1702 Ё
цддддддддедддддедддддддддддддддддддддедддддддддддддддддедддддддддддддддддддд╢
Ё10/03/90Ё23:25Ё  41537 bytes source Ё 28044 bytes EXE Ё Source lines: 1931 Ё
цддддддддедддддедддддддддддддддддддддедддддддддддддддддедддддддддддддддддддд╢
Ё11/03/90Ё21:00Ё  46473 bytes source Ё 30176 bytes EXE Ё Source lines: 2141 Ё
цддддддддедддддедддддддддддддддддддддедддддддддддддддддедддддддддддддддддддд╢
Ё12/03/90Ё01:20Ё  48070 bytes source Ё 30686 bytes EXE Ё Source lines: 2186 Ё
цддддддддедддддедддддддддддддддддддддедддддддддддддддддедддддддддддддддддддд╢
Ё17/03/90Ё11:37Ё  48070 bytes source Ё 30718 bytes EXE Ё Source lines: 2186 Ё
цддддддддедддддедддддддддддддддддддддедддддддддддддддддедддддддддддддддддддд╢
Ё18/03/90Ё20:57Ё  55727 bytes source Ё 30408 bytes EXE Ё Source lines: 2518 Ё
цддддддддедддддедддддддддддддддддддддедддддддддддддддддедддддддддддддддддддд╢
Ё25/03/90Ё21:10Ё  60523 bytes source Ё 32604 bytes EXE Ё Source lines: 2681 Ё
цддддддддедддддедддддддддддддддддддддедддддддддддддддддедддддддддддддддддддд╢
Ё26/03/90Ё17:06Ё  63063 bytes source Ё 33014 bytes EXE Ё Source lines: 2773 Ё
цддддддддедддддедддддддддддддддддддддедддддддддддддддддедддддддддддддддддддд╢
Ё02/04/90Ё15:57Ё  65471 bytes source Ё 33856 bytes EXE Ё Source lines: 2976 Ё
цддддддддедддддедддддддддддддддддддддедддддддддддддддддедддддддддддддддддддд╢
Ё04/04/90Ё23:30Ё  62164 bytes source Ё 34236 bytes EXE Ё Source lines: 2790 Ё
цддддддддедддддедддддддддддддддддддддедддддддддддддддддедддддддддддддддддддд╢
Ё05/04/90Ё23:47Ё  63055 bytes source Ё 36150 bytes EXE Ё Source lines: 2760 Ё
цддддддддедддддедддддддддддддддддддддедддддддддддддддддедддддддддддддддддддд╢
Ё07/04/90Ё21:47Ё  67127 bytes source Ё 36498 bytes EXE Ё Source lines: 2907 Ё
цддддддддедддддедддддддддддддддддддддедддддддддддддддддедддддддддддддддддддд╢
Ё08/04/90Ё22:23Ё  66885 bytes source Ё 36502 bytes EXE Ё Source lines: 2893 Ё
цддддддддедддддедддддддддддддддддддддедддддддддддддддддедддддддддддддддддддд╢
Ё09/04/90Ё02:14Ё  71415 bytes source Ё 41560 bytes EXE Ё Source lines: 3076 Ё
цддддддддедддддедддддддддддддддддддддедддддддддддддддддедддддддддддддддддддд╢
Ё10/04/90Ё21:29Ё  76551 bytes source Ё 43654 bytes EXE Ё Source lines: 3218 Ё
цддддддддедддддедддддддддддддддддддддедддддддддддддддддедддддддддддддддддддд╢
Ё11/04/90Ё20:51Ё  89072 bytes source Ё 45428 bytes EXE Ё Source lines: 4007 Ё
цддддддддедддддедддддддддддддддддддддедддддддддддддддддедддддддддддддддддддд╢
Ё12/04/90Ё14:42Ё  96372 bytes source Ё 49378 bytes EXE Ё Source lines: 4342 Ё
цддддддддедддддедддддддддддддддддддддедддддддддддддддддедддддддддддддддддддд╢
Ё13/04/90Ё19:01Ё  99485 bytes source Ё 51362 bytes EXE Ё Source lines: 4475 Ё
цддддддддедддддедддддддддддддддддддддедддддддддддддддддедддддддддддддддддддд╢
Ё14/04/90Ё02:23Ё 101452 bytes source Ё 52332 bytes EXE Ё Source lines: 4562 Ё
цддддддддедддддедддддддддддддддддддддедддддддддддддддддедддддддддддддддддддд╢
Ё15/04/90Ё23:10Ё 106555 bytes source Ё 55478 bytes EXE Ё Source lines: 4785 Ё
цддддддддедддддедддддддддддддддддддддедддддддддддддддддедддддддддддддддддддд╢
Ё16/04/90Ё20:03Ё 112159 bytes source Ё 57654 bytes EXE Ё Source lines: 5030 Ё
цддддддддедддддедддддддддддддддддддддедддддддддддддддддедддддддддддддддддддд╢
Ё17/04/90Ё18:27Ё 114166 bytes source Ё 59260 bytes EXE Ё Source lines: 5111 Ё
цддддддддедддддедддддддддддддддддддддедддддддддддддддддедддддддддддддддддддд╢
Ё18/04/90Ё19:54Ё 120881 bytes source Ё 81360 bytes EXE Ё Source lines: 5313 Ё
цддддддддедддддедддддддддддддддддддддедддддддддддддддддедддддддддддддддддддд╢
Ё19/04/90Ё16:16Ё 125019 bytes source Ё 84110 bytes EXE Ё Source lines: 5481 Ё
цддддддддедддддедддддддддддддддддддддедддддддддддддддддедддддддддддддддддддд╢
Ё20/04/90Ё14:40Ё 129207 bytes source Ё 85740 bytes EXE Ё Source lines: 5655 Ё
цддддддддедддддедддддддддддддддддддддедддддддддддддддддедддддддддддддддддддд╢
Ё22/04/90Ё20:12Ё 135489 bytes source Ё 89930 bytes EXE Ё Source lines: 5912 Ё
юддддддддадддддадддддддддддддддддддддадддддддддддддддддадддддддддддддддддддды
зддддддддбдддддбдддддддддддддддддддддбдддддддддддддддддбдддддддддддддддддддд©
Ё23/04/90Ё01:17Ё 138768 bytes source Ё 91754 bytes EXE Ё Source lines: 6092 Ё
цддддддддедддддедддддддддддддддддддддедддддддддддддддддедддддддддддддддддддд╢
Ё26/04/90Ё21:43Ё 139341 bytes source Ё 92106 bytes EXE Ё Source lines: 6120 Ё
цддддддддедддддедддддддддддддддддддддедддддддддддддддддедддддддддддддддддддд╢
Ё27/04/90Ё23:42Ё 140395 bytes source Ё 92218 bytes EXE Ё Source lines: 6151 Ё
цддддддддедддддедддддддддддддддддддддедддддддддддддддддедддддддддддддддддддд╢
Ё01/05/90Ё01:25Ё 141836 bytes source Ё 92858 bytes EXE Ё Source lines: 6223 Ё
цддддддддедддддедддддддддддддддддддддедддддддддддддддддедддддддддддддддддддд╢
Ё03/05/90Ё14:57Ё 142754 bytes source Ё 93050 bytes EXE Ё Source lines: 6212 Ё
цддддддддедддддедддддддддддддддддддддедддддддддддддддддедддддддддддддддддддд╢
Ё05/05/90Ё13:23Ё 146989 bytes source Ё 96082 bytes EXE Ё Source lines: 6381 Ё
цддддддддедддддедддддддддддддддддддддедддддддддддддддддедддддддддддддддддддд╢
Ё06/05/90Ё20:27Ё 149580 bytes source Ё 94234 bytes EXE Ё Source lines: 6480 Ё
цддддддддедддддедддддддддддддддддддддедддддддддддддддддедддддддддддддддддддд╢
Ё07/05/90Ё19:16Ё 150362 bytes source Ё 94958 bytes EXE Ё Source lines: 6513 Ё
цддддддддедддддедддддддддддддддддддддедддддддддддддддддедддддддддддддддддддд╢
Ё11/05/90Ё23:38Ё 151929 bytes source Ё 96412 bytes EXE Ё Source lines: 6588 Ё
цддддддддедддддедддддддддддддддддддддедддддддддддддддддедддддддддддддддддддд╢
Ё12/05/90Ё23:33Ё 155942 bytes source Ё 99110 bytes EXE Ё Source lines: 6742 Ё
цддддддддедддддедддддддддддддддддддддедддддддддддддддддедддддддддддддддддддд╢
Ё14/05/90Ё16:17Ё 156405 bytes source Ё 99472 bytes EXE Ё Source lines: 6750 Ё
цддддддддедддддедддддддддддддддддддддедддддддддддддддддедддддддддддддддддддд╢
Ё16/05/90Ё21:30Ё 157963 bytes source Ё100902 bytes EXE Ё Source lines: 6785 Ё
цддддддддедддддедддддддддддддддддддддедддддддддддддддддедддддддддддддддддддд╢
Ё17/05/90Ё13:59Ё 157876 bytes source Ё100622 bytes EXE Ё Source lines: 6787 Ё
цддддддддедддддедддддддддддддддддддддедддддддддддддддддедддддддддддддддддддд╢
Ё18/05/90Ё22:24Ё 161715 bytes source Ё102256 bytes EXE Ё Source lines: 6917 Ё
цддддддддедддддедддддддддддддддддддддедддддддддддддддддедддддддддддддддддддд╢
Ё28/05/90Ё14:52Ё 162433 bytes source Ё102786 bytes EXE Ё Source lines: 6955 Ё
цддддддддедддддедддддддддддддддддддддедддддддддддддддддедддддддддддддддддддд╢
Ё30/05/90Ё13:49Ё 166643 bytes source Ё105242 bytes EXE Ё Source lines: 7228 Ё
цддддддддедддддедддддддддддддддддддддедддддддддддддддддедддддддддддддддддддд╢
Ё31/05/90Ё20:01Ё 169349 bytes source Ё106998 bytes EXE Ё Source lines: 7372 Ё
цддддддддедддддедддддддддддддддддддддедддддддддддддддддедддддддддддддддддддд╢
Ё02/06/90Ё22:14Ё 171618 bytes source Ё108316 bytes EXE Ё Source lines: 7436 Ё
цддддддддедддддедддддддддддддддддддддедддддддддддддддддедддддддддддддддддддд╢
Ё03/06/90Ё17:27Ё 173361 bytes source Ё109176 bytes EXE Ё Source lines: 7519 Ё
цддддддддедддддедддддддддддддддддддддедддддддддддддддддедддддддддддддддддддд╢
Ё04/06/90Ё14:28Ё 174287 bytes source Ё109592 bytes EXE Ё Source lines: 7559 Ё
цддддддддедддддедддддддддддддддддддддедддддддддддддддддедддддддддддддддддддд╢
Ё05/06/90Ё22:42Ё 175566 bytes source Ё110626 bytes EXE Ё Source lines: 7629 Ё
цддддддддедддддедддддддддддддддддддддедддддддддддддддддедддддддддддддддддддд╢
Ё07/06/90Ё19:54Ё 185284 bytes source Ё112358 bytes EXE Ё Source lines: 7987 Ё
цддддддддедддддедддддддддддддддддддддедддддддддддддддддедддддддддддддддддддд╢
Ё08/06/90Ё00:40Ё 186085 bytes source Ё112910 bytes EXE Ё Source lines: 8017 Ё
цддддддддедддддедддддддддддддддддддддедддддддддддддддддедддддддддддддддддддд╢
Ё09/06/90Ё00:47Ё 187879 bytes source Ё112560 bytes EXE Ё Source lines: 8156 Ё
цддддддддедддддедддддддддддддддддддддедддддддддддддддддедддддддддддддддддддд╢
Ё09/06/90Ё14:56Ё 187915 bytes source Ё112594 bytes EXE Ё Source lines: 8157 Ё
цддддддддедддддедддддддддддддддддддддедддддддддддддддддедддддддддддддддддддд╢
Ё10/06/90Ё18:42Ё 188106 bytes source Ё112662 bytes EXE Ё Source lines: 8167 Ё
цддддддддедддддедддддддддддддддддддддедддддддддддддддддедддддддддддддддддддд╢
Ё11/06/90Ё23:14Ё 188104 bytes source Ё112676 bytes EXE Ё Source lines: 8168 Ё
цддддддддедддддедддддддддддддддддддддедддддддддддддддддедддддддддддддддддддд╢
Ё16/06/90Ё19:46Ё 187339 bytes source Ё112290 bytes EXE Ё Source lines: 8118 Ё
юддддддддадддддадддддддддддддддддддддадддддддддддддддддадддддддддддддддддддды
зддддддддбдддддбдддддддддддддддддддддбдддддддддддддддддбдддддддддддддддддддд©
Ё22/07/90Ё21:03Ё 187701 bytes source Ё112422 bytes EXE Ё Source lines: 8145 Ё
цддддддддедддддедддддддддддддддддддддедддддддддддддддддедддддддддддддддддддд╢
Ё23/07/90Ё23:24Ё 189796 bytes source Ё114036 bytes EXE Ё Source lines: 8262 Ё
цддддддддедддддедддддддддддддддддддддедддддддддддддддддедддддддддддддддддддд╢
Ё07/08/90Ё18:40Ё 196562 bytes source Ё116768 bytes EXE Ё Source lines: 8540 Ё
цддддддддедддддедддддддддддддддддддддедддддддддддддддддедддддддддддддддддддд╢
Ё08/08/90Ё22:11Ё 201626 bytes source Ё120090 bytes EXE Ё Source lines: 8820 Ё
цддддддддедддддедддддддддддддддддддддедддддддддддддддддедддддддддддддддддддд╢
Ё09/08/90Ё21:17Ё 204817 bytes source Ё121826 bytes EXE Ё Source lines: 8938 Ё
цддддддддедддддедддддддддддддддддддддедддддддддддддддддедддддддддддддддддддд╢
Ё10/08/90Ё20:58Ё 206197 bytes source Ё122206 bytes EXE Ё Source lines: 9012 Ё
цддддддддедддддедддддддддддддддддддддедддддддддддддддддедддддддддддддддддддд╢
Ё12/08/90Ё19:40Ё 201932 bytes source Ё122342 bytes EXE Ё Source lines: 8788 Ё
цддддддддедддддедддддддддддддддддддддедддддддддддддддддедддддддддддддддддддд╢
Ё13/08/90Ё22:58Ё 203266 bytes source Ё123278 bytes EXE Ё Source lines: 8836 Ё
цддддддддедддддедддддддддддддддддддддедддддддддддддддддедддддддддддддддддддд╢
Ё15/08/90Ё23:30Ё 203539 bytes source Ё123236 bytes EXE Ё Source lines: 8861 Ё
цддддддддедддддедддддддддддддддддддддедддддддддддддддддедддддддддддддддддддд╢
Ё16/08/90Ё20:04Ё 204680 bytes source Ё123960 bytes EXE Ё Source lines: 8932 Ё
цддддддддедддддедддддддддддддддддддддедддддддддддддддддедддддддддддддддддддд╢
Ё18/08/90Ё15:02Ё 204768 bytes source Ё123976 bytes EXE Ё Source lines: 8936 Ё
цддддддддедддддедддддддддддддддддддддедддддддддддддддддедддддддддддддддддддд╢
Ё19/08/90Ё14:25Ё 204850 bytes source Ё123842 bytes EXE Ё Source lines: 8936 Ё
цддддддддедддддедддддддддддддддддддддедддддддддддддддддедддддддддддддддддддд╢
Ё29/08/90Ё15:33Ё 205066 bytes source Ё123944 bytes EXE Ё Source lines: 8951 Ё
цддддддддедддддедддддддддддддддддддддедддддддддддддддддедддддддддддддддддддд╢
Ё02/09/90Ё19:44Ё 205783 bytes source Ё124448 bytes EXE Ё Source lines: 8979 Ё
цддддддддедддддедддддддддддддддддддддедддддддддддддддддедддддддддддддддддддд╢
Ё04/09/90Ё21:24Ё 205792 bytes source Ё124464 bytes EXE Ё Source lines: 8979 Ё
цддддддддедддддедддддддддддддддддддддедддддддддддддддддедддддддддддддддддддд╢
Ё07/09/90Ё23:28Ё 205932 bytes source Ё124670 bytes EXE Ё Source lines: 8996 Ё
цддддддддедддддедддддддддддддддддддддедддддддддддддддддедддддддддддддддддддд╢
Ё08/09/90Ё23:19Ё 206402 bytes source Ё124996 bytes EXE Ё Source lines: 9007 Ё
цддддддддедддддедддддддддддддддддддддедддддддддддддддддедддддддддддддддддддд╢
Ё10/09/90Ё17:20Ё 207050 bytes source Ё125508 bytes EXE Ё Source lines: 9032 Ё
цддддддддедддддедддддддддддддддддддддедддддддддддддддддедддддддддддддддддддд╢
Ё11/09/90Ё19:25Ё 207453 bytes source Ё125764 bytes EXE Ё Source lines: 9074 Ё
цддддддддедддддедддддддддддддддддддддедддддддддддддддддедддддддддддддддддддд╢
Ё13/09/90Ё16:01Ё 208903 bytes source Ё126784 bytes EXE Ё Source lines: 9151 Ё
цддддддддедддддедддддддддддддддддддддедддддддддддддддддедддддддддддддддддддд╢
Ё14/09/90Ё20:27Ё 209761 bytes source Ё127846 bytes EXE Ё Source lines: 9186 Ё
цддддддддедддддедддддддддддддддддддддедддддддддддддддддедддддддддддддддддддд╢
Ё15/09/90Ё16:56Ё 210833 bytes source Ё128062 bytes EXE Ё Source lines: 9227 Ё
цддддддддедддддедддддддддддддддддддддедддддддддддддддддедддддддддддддддддддд╢
Ё17/09/90Ё11:54Ё 210386 bytes source Ё128150 bytes EXE Ё Source lines: 9210 Ё
цддддддддедддддедддддддддддддддддддддедддддддддддддддддедддддддддддддддддддд╢
Ё17/09/90Ё18:51Ё 211058 bytes source Ё128692 bytes EXE Ё Source lines: 9225 Ё
цддддддддедддддедддддддддддддддддддддедддддддддддддддддедддддддддддддддддддд╢
Ё24/09/90Ё19:18Ё 211498 bytes source Ё128666 bytes EXE Ё Source lines: 9258 Ё
цддддддддедддддедддддддддддддддддддддедддддддддддддддддедддддддддддддддддддд╢
Ё16/10/90Ё23:52Ё 210740 bytes source Ё128624 bytes EXE Ё Source lines: 9213 Ё
цддддддддедддддедддддддддддддддддддддедддддддддддддддддедддддддддддддддддддд╢
Ё22/10/90Ё22:22Ё 212579 bytes source Ё129598 bytes EXE Ё Source lines: 9286 Ё
цддддддддедддддедддддддддддддддддддддедддддддддддддддддедддддддддддддддддддд╢
Ё23/10/90Ё20:29Ё 225324 bytes source Ё137818 bytes EXE Ё Source lines: 10027Ё
юддддддддадддддадддддддддддддддддддддадддддддддддддддддадддддддддддддддддддды
зддддддддбдддддбдддддддддддддддддддддбдддддддддддддддддбдддддддддддддддддддд©
Ё24/10/90Ё19:25Ё 225459 bytes source Ё138062 bytes EXE Ё Source lines: 10040Ё
цддддддддедддддедддддддддддддддддддддедддддддддддддддддедддддддддддддддддддд╢
Ё29/10/90Ё00:28Ё 230999 bytes source Ё138558 bytes EXE Ё Source lines: 10285Ё
цддддддддедддддедддддддддддддддддддддедддддддддддддддддедддддддддддддддддддд╢
Ё30/10/90Ё01:26Ё 229585 bytes source Ё138518 bytes EXE Ё Source lines: 10197Ё
цддддддддедддддедддддддддддддддддддддедддддддддддддддддедддддддддддддддддддд╢
Ё08/11/90Ё06:27Ё 230969 bytes source Ё138698 bytes EXE Ё Source lines: 10257Ё
цддддддддедддддедддддддддддддддддддддедддддддддддддддддедддддддддддддддддддд╢
Ё10/11/90Ё13:17Ё 231615 bytes source Ё138958 bytes EXE Ё Source lines: 10283Ё
цддддддддедддддедддддддддддддддддддддедддддддддддддддддедддддддддддддддддддд╢
Ё12/11/90Ё18:56Ё 231284 bytes source Ё137798 bytes EXE Ё Source lines: 10275Ё
цддддддддедддддедддддддддддддддддддддедддддддддддддддддедддддддддддддддддддд╢
Ё13/11/90Ё22:27Ё 232019 bytes source Ё139178 bytes EXE Ё Source lines: 10364Ё
цддддддддедддддедддддддддддддддддддддедддддддддддддддддедддддддддддддддддддд╢
Ё14/11/90Ё21:45Ё 239955 bytes source Ё143092 bytes EXE Ё Source lines: 10631Ё
цддддддддедддддедддддддддддддддддддддедддддддддддддддддедддддддддддддддддддд╢
Ё15/11/90Ё08:12Ё 243998 bytes source Ё145676 bytes EXE Ё Source lines: 10851Ё
цддддддддедддддедддддддддддддддддддддедддддддддддддддддедддддддддддддддддддд╢
Ё21/11/90Ё00:43Ё 245234 bytes source Ё146770 bytes EXE Ё Source lines: 10914Ё
цддддддддедддддедддддддддддддддддддддедддддддддддддддддедддддддддддддддддддд╢
Ё22/11/90Ё18:53Ё 248490 bytes source Ё149298 bytes EXE Ё Source lines: 11044Ё
цддддддддедддддедддддддддддддддддддддедддддддддддддддддедддддддддддддддддддд╢
Ё25/11/90Ё14:45Ё 247996 bytes source Ё146858 bytes EXE Ё Source lines: 11012Ё
цддддддддедддддедддддддддддддддддддддедддддддддддддддддедддддддддддддддддддд╢
Ё29/11/90Ё04:01Ё 269529 bytes source Ё153546 bytes EXE Ё Source lines: 11904Ё
цддддддддедддддедддддддддддддддддддддедддддддддддддддддедддддддддддддддддддд╢
Ё30/11/90Ё07:04Ё 275300 bytes source Ё157484 bytes EXE Ё Source lines: 12421Ё
цддддддддедддддедддддддддддддддддддддедддддддддддддддддедддддддддддддддддддд╢
Ё04/12/90Ё18:02Ё 281900 bytes source Ё160768 bytes EXE Ё Source lines: 12568Ё
цддддддддедддддедддддддддддддддддддддедддддддддддддддддедддддддддддддддддддд╢
Ё05/12/90Ё19:23Ё 282778 bytes source Ё162626 bytes EXE Ё Source lines: 12616Ё
цддддддддедддддедддддддддддддддддддддедддддддддддддддддедддддддддддддддддддд╢
Ё06/12/90Ё19:30Ё 287303 bytes source Ё165294 bytes EXE Ё Source lines: 12807Ё
цддддддддедддддедддддддддддддддддддддедддддддддддддддддедддддддддддддддддддд╢
Ё11/12/90Ё19:27Ё 289721 bytes source Ё165468 bytes EXE Ё Source lines: 12970Ё
цддддддддедддддедддддддддддддддддддддедддддддддддддддддедддддддддддддддддддд╢
Ё21/04/91Ё18:11Ё 410902 bytes source Ё171426 bytes EXE Ё Source lines: 17010Ё
цддддддддедддддедддддддддддддддддддддедддддддддддддддддедддддддддддддддддддд╢
Ё28/04/91Ё22:20Ё 412192 bytes source Ё167964 bytes EXE Ё Source lines: 17000Ё
цддддддддедддддедддддддддддддддддддддедддддддддддддддддедддддддддддддддддддд╢
Ё09/05/91Ё21:21Ё 425503 bytes source Ё173174 bytes EXE Ё Source lines: 17428Ё
цддддддддедддддедддддддддддддддддддддедддддддддддддддддедддддддддддддддддддд╢
Ё26/05/91Ё22:03Ё 444328 bytes source Ё185196 bytes EXE Ё Source lines: 18488Ё
цддддддддедддддедддддддддддддддддддддедддддддддддддддддедддддддддддддддддддд╢
Ё23/08/91Ё16:17Ё 446754 bytes source Ё182710 bytes EXE Ё Source lines: 18574Ё
цддддддддедддддедддддддддддддддддддддедддддддддддддддддедддддддддддддддддддд╢
Ё29/08/91Ё01:52Ё 448903 bytes source Ё183324 bytes EXE Ё Source lines: 18656Ё
цддддддддедддддедддддддддддддддддддддедддддддддддддддддедддддддддддддддддддд╢
Ё30/08/91Ё18:11Ё 449869 bytes source Ё183292 bytes EXE Ё Source lines: 18686Ё
цддддддддедддддедддддддддддддддддддддедддддддддддддддддедддддддддддддддддддд╢
Ё30/08/91Ё23:15Ё 452583 bytes source Ё183694 bytes EXE Ё Source lines: 18830Ё
цддддддддедддддедддддддддддддддддддддедддддддддддддддддедддддддддддддддддддд╢
Ё31/08/91Ё00:25Ё 453005 bytes source Ё183742 bytes EXE Ё Source lines: 18850Ё
цддддддддедддддедддддддддддддддддддддедддддддддддддддддедддддддддддддддддддд╢
Ё01/09/91Ё00:31Ё 464333 bytes source Ё185992 bytes EXE Ё Source lines: 19187Ё
цддддддддедддддедддддддддддддддддддддедддддддддддддддддедддддддддддддддддддд╢
Ё02/09/91Ё22:07Ё 468795 bytes source Ё185154 bytes EXE Ё Source lines: 19413Ё
цддддддддедддддедддддддддддддддддддддедддддддддддддддддедддддддддддддддддддд╢
Ё06/09/91Ё07:08Ё 471177 bytes source Ё185414 bytes EXE Ё Source lines: 19476Ё
цддддддддедддддедддддддддддддддддддддедддддддддддддддддедддддддддддддддддддд╢
Ё07/09/91Ё21:30Ё 471290 bytes source Ё185430 bytes EXE Ё Source lines: 19479Ё
цддддддддедддддедддддддддддддддддддддедддддддддддддддддедддддддддддддддддддд╢
Ё 9-09-91Ё18:29Ё 474411 bytes source Ё185884 bytes EXE Ё Source lines: 19597Ё
цддддддддедддддедддддддддддддддддддддедддддддддддддддддедддддддддддддддддддд╢
Ё 9-10-91Ё 0:44Ё 474929 bytes source Ё186110 bytes EXE Ё Source lines: 19620Ё
юддддддддадддддадддддддддддддддддддддадддддддддддддддддадддддддддддддддддддды

From here on, only ProBoard.EXE is measured.

зддддддддбдддддбдддддддддддддддддддддбдддддддддддддддддбдддддддддддддддддддд©
Ё 9-10-91Ё19:35Ё 306149 bytes source Ё188862 bytes EXE Ё Source lines: 13280Ё
цддддддддедддддедддддддддддддддддддддедддддддддддддддддедддддддддддддддддддд╢
Ё 9-11-91Ё 1:39Ё 307153 bytes source Ё189158 bytes EXE Ё Source lines: 13331Ё
цддддддддедддддедддддддддддддддддддддедддддддддддддддддедддддддддддддддддддд╢
Ё 9-12-91Ё22:54Ё 310199 bytes source Ё191426 bytes EXE Ё Source lines: 13489Ё
цддддддддедддддедддддддддддддддддддддедддддддддддддддддедддддддддддддддддддд╢
Ё 9-14-91Ё21:46Ё 315082 bytes source Ё194260 bytes EXE Ё Source lines: 13659Ё
цддддддддедддддедддддддддддддддддддддедддддддддддддддддедддддддддддддддддддд╢
Ё 9-15-91Ё22:45Ё 315628 bytes source Ё194674 bytes EXE Ё Source lines: 13684Ё
цддддддддедддддедддддддддддддддддддддедддддддддддддддддедддддддддддддддддддд╢
Ё 9-16-91Ё22:12Ё 315117 bytes source Ё194708 bytes EXE Ё Source lines: 13647Ё
цддддддддедддддедддддддддддддддддддддедддддддддддддддддедддддддддддддддддддд╢
Ё 9-17-91Ё20:57Ё 318539 bytes source Ё197202 bytes EXE Ё Source lines: 13709Ё
цддддддддедддддедддддддддддддддддддддедддддддддддддддддедддддддддддддддддддд╢
Ё 9-18-91Ё01:34Ё 322574 bytes source Ё198424 bytes EXE Ё Source lines: 13840Ё
цддддддддедддддедддддддддддддддддддддедддддддддддддддддедддддддддддддддддддд╢
Ё 9-18-91Ё02:19Ё 323196 bytes source Ё198424 bytes EXE Ё Source lines: 13871Ё
цддддддддедддддедддддддддддддддддддддедддддддддддддддддедддддддддддддддддддд╢
Ё 9-18-91Ё16:56Ё 325905 bytes source Ё199860 bytes EXE Ё Source lines: 13971Ё
цддддддддедддддедддддддддддддддддддддедддддддддддддддддедддддддддддддддддддд╢
Ё 9-18-91Ё18:12Ё 325962 bytes source Ё199844 bytes EXE Ё Source lines: 13977Ё
цддддддддедддддедддддддддддддддддддддедддддддддддддддддедддддддддддддддддддд╢
Ё 9-19-91Ё21:06Ё 328687 bytes source Ё201036 bytes EXE Ё Source lines: 14080Ё
цддддддддедддддедддддддддддддддддддддедддддддддддддддддедддддддддддддддддддд╢
Ё 9-20-91Ё16:02Ё 332976 bytes source Ё202908 bytes EXE Ё Source lines: 14281Ё
цддддддддедддддедддддддддддддддддддддедддддддддддддддддедддддддддддддддддддд╢
Ё 9-20-91Ё21:36Ё 332870 bytes source Ё202666 bytes EXE Ё Source lines: 14279Ё
цддддддддедддддедддддддддддддддддддддедддддддддддддддддедддддддддддддддддддд╢
Ё 9-21-91Ё00:49Ё 333035 bytes source Ё202782 bytes EXE Ё Source lines: 14286Ё
цддддддддедддддедддддддддддддддддддддедддддддддддддддддедддддддддддддддддддд╢
Ё 9-21-91Ё19:30Ё 333483 bytes source Ё203080 bytes EXE Ё Source lines: 14306Ё
цддддддддедддддедддддддддддддддддддддедддддддддддддддддедддддддддддддддддддд╢
Ё 9-21-91Ё20:40Ё 334029 bytes source Ё203340 bytes EXE Ё Source lines: 14335Ё  v1.15
цддддддддедддддедддддддддддддддддддддедддддддддддддддддедддддддддддддддддддд╢
Ё 9-22-91Ё18:32Ё 334546 bytes source Ё203600 bytes EXE Ё Source lines: 14367Ё
цддддддддедддддедддддддддддддддддддддедддддддддддддддддедддддддддддддддддддд╢
Ё 9-24-91Ё 4:13Ё 334643 bytes source Ё203754 bytes EXE Ё Source lines: 14373Ё
цддддддддедддддедддддддддддддддддддддедддддддддддддддддедддддддддддддддддддд╢
Ё 9-25-91Ё17:56Ё 334831 bytes source Ё203882 bytes EXE Ё Source lines: 14381Ё
цддддддддедддддедддддддддддддддддддддедддддддддддддддддедддддддддддддддддддд╢
Ё 9-29-91Ё22:31Ё 335997 bytes source Ё205906 bytes EXE Ё Source lines: 14435Ё
цддддддддедддддедддддддддддддддддддддедддддддддддддддддедддддддддддддддддддд╢
Ё 9-30-91Ё15:32Ё 336191 bytes source Ё206062 bytes EXE Ё Source lines: 14446Ё
цддддддддедддддедддддддддддддддддддддедддддддддддддддддедддддддддддддддддддд╢
Ё 9-30-91Ё15:34Ё 336253 bytes source Ё206038 bytes EXE Ё Source lines: 14446Ё
цддддддддедддддедддддддддддддддддддддедддддддддддддддддедддддддддддддддддддд╢
Ё 9-30-91Ё22:41Ё 338767 bytes source Ё207150 bytes EXE Ё Source lines: 14521Ё  v1.16
цддддддддедддддедддддддддддддддддддддедддддддддддддддддедддддддддддддддддддд╢
Ё10-03-91Ё17:16Ё 340054 bytes source Ё207702 bytes EXE Ё Source lines: 14557Ё
цддддддддедддддедддддддддддддддддддддедддддддддддддддддедддддддддддддддддддд╢
Ё10-05-91Ё17:57Ё 343429 bytes source Ё209622 bytes EXE Ё Source lines: 14713Ё
цддддддддедддддедддддддддддддддддддддедддддддддддддддддедддддддддддддддддддд╢
Ё10-06-91Ё 3:38Ё 349672 bytes source Ё214610 bytes EXE Ё Source lines: 14980Ё  v1.17Ю
цддддддддедддддедддддддддддддддддддддедддддддддддддддддедддддддддддддддддддд╢
Ё10-06-91Ё21:29Ё 351237 bytes source Ё214770 bytes EXE Ё Source lines: 15069Ё  v1.17Ю Mk.II
цддддддддедддддедддддддддддддддддддддедддддддддддддддддедддддддддддддддддддд╢
Ё10-07-91Ё23:44Ё 351963 bytes source Ё215276 bytes EXE Ё Source lines: 15101Ё
цддддддддедддддедддддддддддддддддддддедддддддддддддддддедддддддддддддддддддд╢
Ё10-07-91Ё23:59Ё 352366 bytes source Ё214732 bytes EXE Ё Source lines: 15106Ё
цддддддддедддддедддддддддддддддддддддедддддддддддддддддедддддддддддддддддддд╢
Ё10-08-91Ё16:51Ё 354053 bytes source Ё215520 bytes EXE Ё Source lines: 15152Ё  v1.17А
цддддддддедддддедддддддддддддддддддддедддддддддддддддддедддддддддддддддддддд╢
Ё10-09-91Ё19:08Ё 356744 bytes source Ё216404 bytes EXE Ё Source lines: 15227Ё
цддддддддедддддедддддддддддддддддддддедддддддддддддддддедддддддддддддддддддд╢
Ё10-09-91Ё22:47Ё 357033 bytes source Ё216558 bytes EXE Ё Source lines: 15244Ё  v1.17Ц
цддддддддедддддедддддддддддддддддддддедддддддддддддддддедддддддддддддддддддд╢
Ё10-10-91Ё23:05Ё 357465 bytes source Ё218004 bytes EXE Ё Source lines: 15271Ё
цддддддддедддддедддддддддддддддддддддедддддддддддддддддедддддддддддддддддддд╢
Ё10-11-91Ё 3:17Ё 357462 bytes source Ё217972 bytes EXE Ё Source lines: 15271Ё  v1.17
цддддддддедддддедддддддддддддддддддддедддддддддддддддддедддддддддддддддддддд╢
Ё10-21-91Ё15:30Ё 359126 bytes source Ё218450 bytes EXE Ё Source lines: 15348Ё
цддддддддедддддедддддддддддддддддддддедддддддддддддддддедддддддддддддддддддд╢
Ё10-30-91Ё16:44Ё 361779 bytes source Ё217274 bytes EXE Ё Source lines: 15464Ё
цддддддддедддддедддддддддддддддддддддедддддддддддддддддедддддддддддддддддддд╢
Ё11-10-91Ё23:10Ё 367644 bytes source Ё218150 bytes EXE Ё Source lines: 15725Ё
цддддддддедддддедддддддддддддддддддддедддддддддддддддддедддддддддддддддддддд╢
Ё11-19-91Ё16:40Ё 439127 bytes source Ё230798 bytes EXE Ё Source lines: 18973Ё
цддддддддедддддедддддддддддддддддддддедддддддддддддддддедддддддддддддддддддд╢
Ё11-20-91Ё17:21Ё 445005 bytes source Ё234468 bytes EXE Ё Source lines: 19197Ё
цддддддддедддддедддддддддддддддддддддедддддддддддддддддедддддддддддддддддддд╢
Ё11-22-91Ё 0:18Ё 447769 bytes source Ё235782 bytes EXE Ё Source lines: 19307Ё
цддддддддедддддедддддддддддддддддддддедддддддддддддддддедддддддддддддддддддд╢
Ё11-22-91Ё15:19Ё 449429 bytes source Ё237810 bytes EXE Ё Source lines: 19381Ё
цддддддддедддддедддддддддддддддддддддедддддддддддддддддедддддддддддддддддддд╢
Ё12-12-91Ё13:59Ё 394520 bytes source Ё248726 bytes EXE Ё Source lines: 16749Ё
цддддддддедддддедддддддддддддддддддддедддддддддддддддддедддддддддддддддддддд╢
Ё12-12-91Ё19:11Ё 394253 bytes source Ё248110 bytes EXE Ё Source lines: 16733Ё
цддддддддедддддедддддддддддддддддддддедддддддддддддддддедддддддддддддддддддд╢
Ё12-13-91Ё 3:20Ё 395602 bytes source Ё246974 bytes EXE Ё Source lines: 16787Ё
цддддддддедддддедддддддддддддддддддддедддддддддддддддддедддддддддддддддддддд╢
Ё01-31-92Ё18:10Ё 401789 bytes source Ё281680 bytes EXE Ё Source lines: 17087Ё
цддддддддедддддедддддддддддддддддддддедддддддддддддддддедддддддддддддддддддд╢
Ё03-16-92Ё21:28Ё 403327 bytes source Ё284774 bytes EXE Ё Source lines: 17174Ё
цддддддддедддддедддддддддддддддддддддедддддддддддддддддедддддддддддддддддддд╢
Ё03-25-92Ё 0:01Ё 403337 bytes source Ё284948 bytes EXE Ё Source lines: 17176Ё v1.21
цддддддддедддддедддддддддддддддддддддедддддддддддддддддедддддддддддддддддддд╢
Ё 4-25-92Ё 1:54Ё 417916 bytes source Ё304626 bytes EXE Ё Source lines: 17916Ё
цддддддддедддддедддддддддддддддддддддедддддддддддддддддедддддддддддддддддддд╢
Ё 5-08-92Ё21:08Ё 433921 bytes source Ё313262 bytes EXE Ё Source lines: 18608Ё
цддддддддедддддедддддддддддддддддддддедддддддддддддддддедддддддддддддддддддд╢
Ё 8-31-92Ё18:34Ё 439527 bytes source Ё319824 bytes EXE Ё Source lines: 18922Ё
цддддддддедддддедддддддддддддддддддддедддддддддддддддддедддддддддддддддддддд╢
Ё 9-05-94Ё18:34Ё 617707 bytes source Ё434720 bytes EXE Ё Source lines: 25866Ё
юддддддддадддддадддддддддддддддддддддадддддддддддддддддадддддддддддддддддддды
